<?xml version="1.0" encoding="UTF-8"?>
<!-- Generated by org.testng.reporters.JUnitReportReporter -->
<testsuite skipped="0" hostname="DESKTOP-9VF53AB" name="com.hyperlocal.AccessoriesTest" tests="1" failures="0" timestamp="22 May 2019 06:48:11 GMT" time="41.243" errors="0">
  <testcase name="accessoriesPageTest" time="41.243" classname="com.hyperlocal.AccessoriesTest"/>
</testsuite> <!-- com.hyperlocal.AccessoriesTest -->
