<?xml version="1.0" encoding="UTF-8"?>
<!-- Generated by org.testng.reporters.JUnitReportReporter -->
<testsuite skipped="0" hostname="DESKTOP-9VF53AB" name="com.hyperlocal.AboutUsTest" tests="1" failures="0" timestamp="23 Sep 2019 12:11:49 GMT" time="40.312" errors="0">
  <testcase name="aboutUsTest" time="40.312" classname="com.hyperlocal.AboutUsTest"/>
</testsuite> <!-- com.hyperlocal.AboutUsTest -->
