<?xml version="1.0" encoding="UTF-8"?>
<!-- Generated by org.testng.reporters.JUnitReportReporter -->
<testsuite skipped="0" hostname="DESKTOP-9VF53AB" name="com.hyperlocal.InsuranceTest" tests="1" failures="0" timestamp="23 Sep 2019 12:11:49 GMT" time="48.672" errors="0">
  <testcase name="insurancePageTest" time="48.672" classname="com.hyperlocal.InsuranceTest"/>
</testsuite> <!-- com.hyperlocal.InsuranceTest -->
