<?xml version="1.0" encoding="UTF-8"?>
<!-- Generated by org.testng.reporters.JUnitReportReporter -->
<testsuite skipped="0" hostname="DESKTOP-9VF53AB" name="com.hyperlocal.EBookNowTest" tests="1" failures="0" timestamp="22 May 2019 06:48:11 GMT" time="39.107" errors="0">
  <testcase name="ebookTest" time="39.107" classname="com.hyperlocal.EBookNowTest"/>
</testsuite> <!-- com.hyperlocal.EBookNowTest -->
