<?xml version="1.0" encoding="UTF-8"?>
<!-- Generated by org.testng.reporters.JUnitReportReporter -->
<testsuite skipped="0" hostname="DESKTOP-9VF53AB" name="com.hyperlocal.ContactUsTest" tests="1" failures="0" timestamp="17 Apr 2019 10:36:16 GMT" time="23.711" errors="0">
  <testcase name="contactUsPageTest" time="23.711" classname="com.hyperlocal.ContactUsTest"/>
</testsuite> <!-- com.hyperlocal.ContactUsTest -->
