<?xml version="1.0" encoding="UTF-8"?>
<!-- Generated by org.testng.reporters.JUnitReportReporter -->
<testsuite skipped="0" hostname="DESKTOP-9VF53AB" name="com.hyperlocal.EBookNowTest" tests="1" failures="0" timestamp="17 Apr 2019 11:25:51 GMT" time="17.208" errors="0">
  <testcase name="ebookTest" time="17.208" classname="com.hyperlocal.EBookNowTest"/>
</testsuite> <!-- com.hyperlocal.EBookNowTest -->
