<?xml version="1.0" encoding="UTF-8"?>
<!-- Generated by org.testng.reporters.JUnitReportReporter -->
<testsuite skipped="0" hostname="DESKTOP-9VF53AB" name="com.hyperlocal.ServiceTest" tests="1" failures="0" timestamp="21 May 2019 07:16:00 GMT" time="95.728" errors="0">
  <testcase name="servicecPageTest" time="95.728" classname="com.hyperlocal.ServiceTest"/>
</testsuite> <!-- com.hyperlocal.ServiceTest -->
