<?xml version="1.0" encoding="UTF-8"?>
<!-- Generated by org.testng.reporters.JUnitReportReporter -->
<testsuite skipped="0" hostname="DESKTOP-9VF53AB" name="com.hyperlocal.ContactUsTest" tests="1" failures="0" timestamp="17 Apr 2019 13:27:44 GMT" time="17.178" errors="0">
  <testcase name="contactUsPageTest" time="17.178" classname="com.hyperlocal.ContactUsTest"/>
</testsuite> <!-- com.hyperlocal.ContactUsTest -->
