<?xml version="1.0" encoding="UTF-8"?>
<!-- Generated by org.testng.reporters.JUnitReportReporter -->
<testsuite skipped="0" hostname="DESKTOP-9VF53AB" name="hyperlocalUtils.ReadExcelFilePOI" tests="1" failures="0" timestamp="22 May 2019 09:13:29 GMT" time="0.316" errors="0">
  <testcase name="readExcel" time="0.316" classname="hyperlocalUtils.ReadExcelFilePOI"/>
</testsuite> <!-- hyperlocalUtils.ReadExcelFilePOI -->
