<?xml version="1.0" encoding="UTF-8"?>
<!-- Generated by org.testng.reporters.JUnitReportReporter -->
<testsuite skipped="0" hostname="DESKTOP-9VF53AB" name="com.hyperlocal.LinkCrawling" tests="1" failures="0" timestamp="11 Apr 2019 12:19:54 GMT" time="99.476" errors="0">
  <testcase name="findAllLinks" time="99.476" classname="com.hyperlocal.LinkCrawling"/>
</testsuite> <!-- com.hyperlocal.LinkCrawling -->
