<?xml version="1.0" encoding="UTF-8"?>
<!-- Generated by org.testng.reporters.JUnitReportReporter -->
<testsuite skipped="0" hostname="DESKTOP-9VF53AB" name="hyperlocalPages.HomePageElements" tests="1" failures="0" timestamp="12 Apr 2019 11:51:35 GMT" time="14.662" errors="0">
  <testcase name="homePage" time="14.662" classname="hyperlocalPages.HomePageElements"/>
</testsuite> <!-- hyperlocalPages.HomePageElements -->
