<?xml version="1.0" encoding="UTF-8"?>
<!-- Generated by org.testng.reporters.JUnitReportReporter -->
<testsuite skipped="0" hostname="DESKTOP-9VF53AB" name="com.hyperlocal.InsuranceTest" tests="1" failures="0" timestamp="17 Apr 2019 13:27:44 GMT" time="23.812" errors="0">
  <testcase name="insurancePageTest" time="23.812" classname="com.hyperlocal.InsuranceTest"/>
</testsuite> <!-- com.hyperlocal.InsuranceTest -->
