<?xml version="1.0" encoding="UTF-8"?>
<!-- Generated by org.testng.reporters.JUnitReportReporter -->
<testsuite skipped="0" hostname="DESKTOP-9VF53AB" name="com.hyperlocal.hyperlocalAllDomainsTest" tests="1" failures="0" timestamp="22 May 2019 11:25:10 GMT" time="553.697" errors="0">
  <testcase name="allDomainTest" time="553.697" classname="com.hyperlocal.hyperlocalAllDomainsTest"/>
</testsuite> <!-- com.hyperlocal.hyperlocalAllDomainsTest -->
