<?xml version="1.0" encoding="UTF-8"?>
<!-- Generated by org.testng.reporters.JUnitReportReporter -->
<testsuite skipped="0" hostname="DESKTOP-9VF53AB" name="com.hyperlocal.ContactUsTest" tests="1" failures="0" timestamp="23 Sep 2019 12:11:49 GMT" time="36.562" errors="0">
  <testcase name="contactUsPageTest" time="36.562" classname="com.hyperlocal.ContactUsTest"/>
</testsuite> <!-- com.hyperlocal.ContactUsTest -->
