<?xml version="1.0" encoding="UTF-8"?>
<!-- Generated by org.testng.reporters.JUnitReportReporter -->
<testsuite skipped="0" hostname="DESKTOP-9VF53AB" name="com.hyperlocal.CareersTest" tests="1" failures="0" timestamp="17 Apr 2019 13:27:44 GMT" time="29.450" errors="0">
  <testcase name="careerPageTest" time="29.450" classname="com.hyperlocal.CareersTest"/>
</testsuite> <!-- com.hyperlocal.CareersTest -->
