<?xml version="1.0" encoding="UTF-8"?>
<!-- Generated by org.testng.reporters.JUnitReportReporter -->
<testsuite skipped="0" hostname="DESKTOP-9VF53AB" name="com.hyperlocal.HomePageTest" tests="1" failures="0" timestamp="23 Sep 2019 12:11:49 GMT" time="21.585" errors="0">
  <testcase name="homePageTest" time="21.585" classname="com.hyperlocal.HomePageTest"/>
</testsuite> <!-- com.hyperlocal.HomePageTest -->
