<?xml version="1.0" encoding="UTF-8"?>
<!-- Generated by org.testng.reporters.JUnitReportReporter -->
<testsuite skipped="0" hostname="DESKTOP-9VF53AB" name="com.hyperlocal.CarPageTest" tests="1" failures="0" timestamp="20 May 2019 12:52:20 GMT" time="49.847" errors="0">
  <testcase name="carGetaquoteTest" time="49.847" classname="com.hyperlocal.CarPageTest"/>
</testsuite> <!-- com.hyperlocal.CarPageTest -->
