<?xml version="1.0" encoding="UTF-8"?>
<!-- Generated by org.testng.reporters.JUnitReportReporter -->
<testsuite skipped="0" hostname="DESKTOP-9VF53AB" name="com.hyperlocal.InsuranceTest" tests="1" failures="0" timestamp="17 Apr 2019 10:06:31 GMT" time="27.922" errors="0">
  <testcase name="insurancePageTest" time="27.922" classname="com.hyperlocal.InsuranceTest"/>
</testsuite> <!-- com.hyperlocal.InsuranceTest -->
