<?xml version="1.0" encoding="UTF-8"?>
<!-- Generated by org.testng.reporters.JUnitReportReporter -->
<testsuite skipped="0" hostname="DESKTOP-9VF53AB" name="com.hyperlocal.AboutUsTest" tests="1" failures="0" timestamp="22 May 2019 06:48:11 GMT" time="27.241" errors="0">
  <testcase name="aboutUsTest" time="27.241" classname="com.hyperlocal.AboutUsTest"/>
</testsuite> <!-- com.hyperlocal.AboutUsTest -->
