<?xml version="1.0" encoding="UTF-8"?>
<!-- Generated by org.testng.reporters.JUnitReportReporter -->
<testsuite skipped="0" hostname="DESKTOP-9VF53AB" name="com.hyperlocal.ServiceTest" tests="1" failures="0" timestamp="22 May 2019 06:48:11 GMT" time="30.877" errors="0">
  <testcase name="servicecPageTest" time="30.877" classname="com.hyperlocal.ServiceTest"/>
</testsuite> <!-- com.hyperlocal.ServiceTest -->
