<?xml version="1.0" encoding="UTF-8"?>
<!-- Generated by org.testng.reporters.JUnitReportReporter -->
<testsuite skipped="0" hostname="DESKTOP-9VF53AB" name="com.hyperlocal.CareersTest" tests="1" failures="0" timestamp="22 May 2019 06:48:11 GMT" time="32.733" errors="0">
  <testcase name="careerPageTest" time="32.733" classname="com.hyperlocal.CareersTest"/>
</testsuite> <!-- com.hyperlocal.CareersTest -->
