<?xml version="1.0" encoding="UTF-8"?>
<!-- Generated by org.testng.reporters.JUnitReportReporter -->
<testsuite skipped="0" hostname="DESKTOP-9VF53AB" name="com.hyperlocal.FinanceTest" tests="1" failures="0" timestamp="21 May 2019 07:16:00 GMT" time="63.557" errors="0">
  <testcase name="financePageTest" time="63.557" classname="com.hyperlocal.FinanceTest"/>
</testsuite> <!-- com.hyperlocal.FinanceTest -->
