<?xml version="1.0" encoding="UTF-8"?>
<!-- Generated by org.testng.reporters.JUnitReportReporter -->
<testsuite skipped="0" hostname="DESKTOP-9VF53AB" name="com.hyperlocal.CareersTest" tests="1" failures="0" timestamp="21 May 2019 07:16:00 GMT" time="61.677" errors="0">
  <testcase name="careerPageTest" time="61.677" classname="com.hyperlocal.CareersTest"/>
</testsuite> <!-- com.hyperlocal.CareersTest -->
