<?xml version="1.0" encoding="UTF-8"?>
<!-- Generated by org.testng.reporters.JUnitReportReporter -->
<testsuite skipped="0" hostname="DESKTOP-9VF53AB" name="com.hyperlocal.ServiceTest" tests="1" failures="0" timestamp="17 Apr 2019 08:36:50 GMT" time="28.120" errors="0">
  <testcase name="carPageTest" time="28.120" classname="com.hyperlocal.ServiceTest"/>
</testsuite> <!-- com.hyperlocal.ServiceTest -->
