<?xml version="1.0" encoding="UTF-8"?>
<!-- Generated by org.testng.reporters.JUnitReportReporter -->
<testsuite skipped="0" hostname="DESKTOP-9VF53AB" name="com.hyperlocal.AboutUsTest" tests="1" failures="0" timestamp="17 Apr 2019 13:27:44 GMT" time="19.273" errors="0">
  <testcase name="aboutUsTest" time="19.273" classname="com.hyperlocal.AboutUsTest"/>
</testsuite> <!-- com.hyperlocal.AboutUsTest -->
