<?xml version="1.0" encoding="UTF-8"?>
<!-- Generated by org.testng.reporters.JUnitReportReporter -->
<testsuite skipped="0" hostname="DESKTOP-9VF53AB" name="com.hyperlocal.CareersTest" tests="1" failures="0" timestamp="17 Apr 2019 10:28:00 GMT" time="31.182" errors="0">
  <testcase name="careerPageTest" time="31.182" classname="com.hyperlocal.CareersTest"/>
</testsuite> <!-- com.hyperlocal.CareersTest -->
